#
# A fatal error has been detected by the Java Runtime Environment:
#
#  EXCEPTION_ACCESS_VIOLATION (0xc0000005) at pc=0x000007feff6c0c7b, pid=6880, tid=6988
#
# JRE version: 6.0_30-b12
# Java VM: Java HotSpot(TM) 64-Bit Server VM (20.5-b03 mixed mode windows-amd64 compressed oops)
# Problematic frame:
# C  [ole32.dll+0x10c7b]
#
# If you would like to submit a bug report, please visit:
#   http://java.sun.com/webapps/bugreport/crash.jsp
# The crash happened outside the Java Virtual Machine in native code.
# See problematic frame for where to report the bug.
#

---------------  T H R E A D  ---------------

Current thread (0x0000000006f09800):  JavaThread "AWT-EventQueue-0" [_thread_in_native, id=6988, stack(0x0000000008160000,0x0000000008260000)]

siginfo: ExceptionCode=0xc0000005, writing address 0x0000000000000030

Registers:
RAX=0x0000000000000000, RBX=0x000000000021a530, RCX=0x0000000000001b4c, RDX=0x000007feff856620
RSP=0x000000000825d090, RBP=0x000000000ce1b9f0, RSI=0x0000000000000000, RDI=0x000000000021a530
R8 =0x00000000000003d4, R9 =0x000007feff837f18, R10=0x0000000000000000, R11=0x000000000825cfb0
R12=0x0000000000000000, R13=0x0000000011cc7970, R14=0x0000000000000000, R15=0x0000000000000000
RIP=0x000007feff6c0c7b, EFLAGS=0x0000000000010246

Top of Stack: (sp=0x000000000825d090)
0x000000000825d090:   000000000021a530 0000000000000000
0x000000000825d0a0:   0000000000000000 000000006de758e0
0x000000000825d0b0:   0000000000000000 0000000000000002
0x000000000825d0c0:   00001ae000002000 aca2dd8bd13e8079
0x000000000825d0d0:   0000e5b50632bb7c 0000000006f73248
0x000000000825d0e0:   0000000000000000 000000000ac3fde8
0x000000000825d0f0:   0000000000000000 000000000ce1b9f0
0x000000000825d100:   000000000ac0b568 000007feff6c1225
0x000000000825d110:   0000000000000000 000000000ce1b9f0
0x000000000825d120:   000000000825d358 0000000006f72f10
0x000000000825d130:   000000000b13d090 000007feff823135
0x000000000825d140:   000000000ce1b9f0 000000000825d378
0x000000000825d150:   00000006fb6168a0 0000000000000000
0x000000000825d160:   000000000b13d090 000007feff7dde9d
0x000000000825d170:   000000000ce1b9f0 000000000b13d090
0x000000000825d180:   00000000006d057a 0000000000009825 

Instructions: (pc=0x000007feff6c0c7b)
0x000007feff6c0c5b:   60 1c 00 41 b8 d4 03 00 00 e8 47 82 01 00 85 f6
0x000007feff6c0c6b:   78 2b f3 0f 6f 44 24 30 48 8b 45 18 4c 89 6d 20
0x000007feff6c0c7b:   f3 0f 7f 40 30 f6 45 0c 01 75 12 48 8b cd e8 be
0x000007feff6c0c8b:   fa ff ff 8b f0 85 c0 78 04 83 4d 0c 01 48 8b cd 


Register to memory mapping:

RAX=0x0000000000000000 is an unknown value
RBX=0x000000000021a530 is an unknown value
RCX=0x0000000000001b4c is an unknown value
RDX=0x000007feff856620 is an unknown value
RSP=0x000000000825d090 is pointing into the stack for thread: 0x0000000006f09800
RBP=0x000000000ce1b9f0 is an unknown value
RSI=0x0000000000000000 is an unknown value
RDI=0x000000000021a530 is an unknown value
R8 =0x00000000000003d4 is an unknown value
R9 =0x000007feff837f18 is an unknown value
R10=0x0000000000000000 is an unknown value
R11=0x000000000825cfb0 is pointing into the stack for thread: 0x0000000006f09800
R12=0x0000000000000000 is an unknown value
R13=0x0000000011cc7970 is an unknown value
R14=0x0000000000000000 is an unknown value
R15=0x0000000000000000 is an unknown value


Stack: [0x0000000008160000,0x0000000008260000],  sp=0x000000000825d090,  free space=1012k
Native frames: (J=compiled Java code, j=interpreted, Vv=VM code, C=native code)
C  [ole32.dll+0x10c7b]  CLSIDFromString+0x5fb

Java frames: (J=compiled Java code, j=interpreted, Vv=VM code)
j  sun.awt.windows.WComponentPeer.removeNativeDropTarget()V+0
j  sun.awt.windows.WComponentPeer.removeDropTarget(Ljava/awt/dnd/DropTarget;)V+18
j  java.awt.dnd.DropTarget.removeNotify(Ljava/awt/peer/ComponentPeer;)V+15
j  java.awt.Component.removeNotify()V+211
j  java.awt.Container.removeNotify()V+71
j  javax.swing.JComponent.removeNotify()V+1
j  java.awt.Container.removeNotify()V+42
j  javax.swing.JComponent.removeNotify()V+1
j  java.awt.Container.removeNotify()V+42
j  javax.swing.JComponent.removeNotify()V+1
j  java.awt.Container.removeNotify()V+42
j  javax.swing.JComponent.removeNotify()V+1
j  javax.swing.JRootPane.removeNotify()V+1
j  java.awt.Container.removeAll()V+84
j  javax.swing.JFileChooser.showDialog(Ljava/awt/Component;Ljava/lang/String;)I+69
j  javax.swing.JFileChooser.showOpenDialog(Ljava/awt/Component;)I+8
j  file.view.DirectoryChooserView.<init>(Lfile/controller/DirectoryControllerInterface;)V+50
j  file.controller.DirectoryController.getDirectoryChooser()V+5
j  mavn.view.ControlFrame.jMenuItemImportModelActionPerformed(Ljava/awt/event/ActionEvent;)V+50
j  mavn.view.ControlFrame.access$1900(Lmavn/view/ControlFrame;Ljava/awt/event/ActionEvent;)V+2
j  mavn.view.ControlFrame$21.actionPerformed(Ljava/awt/event/ActionEvent;)V+5
j  javax.swing.AbstractButton.fireActionPerformed(Ljava/awt/event/ActionEvent;)V+84
j  javax.swing.AbstractButton$Handler.actionPerformed(Ljava/awt/event/ActionEvent;)V+5
j  javax.swing.DefaultButtonModel.fireActionPerformed(Ljava/awt/event/ActionEvent;)V+35
j  javax.swing.DefaultButtonModel.setPressed(Z)V+117
j  javax.swing.AbstractButton.doClick(I)V+64
j  javax.swing.plaf.basic.BasicMenuItemUI.doClick(Ljavax/swing/MenuSelectionManager;)V+53
j  javax.swing.plaf.basic.BasicMenuItemUI$Handler.mouseReleased(Ljava/awt/event/MouseEvent;)V+62
j  java.awt.Component.processMouseEvent(Ljava/awt/event/MouseEvent;)V+64
j  javax.swing.JComponent.processMouseEvent(Ljava/awt/event/MouseEvent;)V+23
j  java.awt.Component.processEvent(Ljava/awt/AWTEvent;)V+81
j  java.awt.Container.processEvent(Ljava/awt/AWTEvent;)V+18
j  java.awt.Component.dispatchEventImpl(Ljava/awt/AWTEvent;)V+570
j  java.awt.Container.dispatchEventImpl(Ljava/awt/AWTEvent;)V+42
j  java.awt.Component.dispatchEvent(Ljava/awt/AWTEvent;)V+2
j  java.awt.LightweightDispatcher.retargetMouseEvent(Ljava/awt/Component;ILjava/awt/event/MouseEvent;)V+320
j  java.awt.LightweightDispatcher.processMouseEvent(Ljava/awt/event/MouseEvent;)Z+139
j  java.awt.LightweightDispatcher.dispatchEvent(Ljava/awt/AWTEvent;)Z+50
j  java.awt.Container.dispatchEventImpl(Ljava/awt/AWTEvent;)V+12
j  java.awt.Window.dispatchEventImpl(Ljava/awt/AWTEvent;)V+65
j  java.awt.Component.dispatchEvent(Ljava/awt/AWTEvent;)V+2
j  java.awt.EventQueue.dispatchEventImpl(Ljava/awt/AWTEvent;Ljava/lang/Object;)V+41
j  java.awt.EventQueue.access$000(Ljava/awt/EventQueue;Ljava/awt/AWTEvent;Ljava/lang/Object;)V+3
j  java.awt.EventQueue$1.run()Ljava/lang/Void;+12
j  java.awt.EventQueue$1.run()Ljava/lang/Object;+1
v  ~StubRoutines::call_stub
j  java.security.AccessController.doPrivileged(Ljava/security/PrivilegedAction;Ljava/security/AccessControlContext;)Ljava/lang/Object;+0
j  java.security.AccessControlContext$1.doIntersectionPrivilege(Ljava/security/PrivilegedAction;Ljava/security/AccessControlContext;Ljava/security/AccessControlContext;)Ljava/lang/Object;+28
j  java.security.AccessControlContext$1.doIntersectionPrivilege(Ljava/security/PrivilegedAction;Ljava/security/AccessControlContext;)Ljava/lang/Object;+6
j  java.awt.EventQueue$2.run()Ljava/lang/Void;+11
j  java.awt.EventQueue$2.run()Ljava/lang/Object;+1
v  ~StubRoutines::call_stub
j  java.security.AccessController.doPrivileged(Ljava/security/PrivilegedAction;Ljava/security/AccessControlContext;)Ljava/lang/Object;+0
j  java.security.AccessControlContext$1.doIntersectionPrivilege(Ljava/security/PrivilegedAction;Ljava/security/AccessControlContext;Ljava/security/AccessControlContext;)Ljava/lang/Object;+28
j  java.awt.EventQueue.dispatchEvent(Ljava/awt/AWTEvent;)V+73
j  java.awt.EventDispatchThread.pumpOneEventForFilters(I)Z+204
j  java.awt.EventDispatchThread.pumpEventsForFilter(ILjava/awt/Conditional;Ljava/awt/EventFilter;)V+30
j  java.awt.EventDispatchThread.pumpEventsForHierarchy(ILjava/awt/Conditional;Ljava/awt/Component;)V+11
j  java.awt.EventDispatchThread.pumpEvents(ILjava/awt/Conditional;)V+4
j  java.awt.EventDispatchThread.pumpEvents(Ljava/awt/Conditional;)V+3
j  java.awt.EventDispatchThread.run()V+9
v  ~StubRoutines::call_stub

---------------  P R O C E S S  ---------------

Java Threads: ( => current thread )
  0x000000000ac55000 JavaThread "Timer-23" daemon [_thread_blocked, id=6444, stack(0x0000000012ec0000,0x0000000012fc0000)]
  0x000000000ac54000 JavaThread "Timer-25" daemon [_thread_blocked, id=6648, stack(0x0000000012dc0000,0x0000000012ec0000)]
  0x000000000ac53800 JavaThread "Timer-24" daemon [_thread_blocked, id=5516, stack(0x0000000012cc0000,0x0000000012dc0000)]
  0x000000000ac52800 JavaThread "Timer-22" daemon [_thread_blocked, id=5636, stack(0x0000000012bc0000,0x0000000012cc0000)]
  0x000000000aa0d800 JavaThread "Timer-20" daemon [_thread_blocked, id=5604, stack(0x0000000012ac0000,0x0000000012bc0000)]
  0x000000000aa0d000 JavaThread "Timer-21" daemon [_thread_blocked, id=6532, stack(0x00000000129c0000,0x0000000012ac0000)]
  0x000000000aa0c000 JavaThread "Timer-19" daemon [_thread_blocked, id=1248, stack(0x00000000128c0000,0x00000000129c0000)]
  0x000000000aa0b800 JavaThread "Timer-17" daemon [_thread_blocked, id=6584, stack(0x00000000127c0000,0x00000000128c0000)]
  0x000000000aa0a800 JavaThread "Timer-18" daemon [_thread_blocked, id=7072, stack(0x00000000126c0000,0x00000000127c0000)]
  0x000000000aa0a000 JavaThread "Timer-16" daemon [_thread_blocked, id=6848, stack(0x00000000125c0000,0x00000000126c0000)]
  0x000000000aa09800 JavaThread "Timer-14" daemon [_thread_blocked, id=4812, stack(0x00000000124c0000,0x00000000125c0000)]
  0x000000000aa08800 JavaThread "Timer-15" daemon [_thread_blocked, id=6920, stack(0x00000000123c0000,0x00000000124c0000)]
  0x000000000aa08000 JavaThread "Timer-13" daemon [_thread_blocked, id=5908, stack(0x00000000122c0000,0x00000000123c0000)]
  0x000000000aa07000 JavaThread "Timer-11" daemon [_thread_blocked, id=6896, stack(0x00000000121c0000,0x00000000122c0000)]
  0x000000000aa06800 JavaThread "Timer-12" daemon [_thread_blocked, id=6700, stack(0x00000000120c0000,0x00000000121c0000)]
  0x000000000aa05000 JavaThread "Timer-10" daemon [_thread_blocked, id=1316, stack(0x0000000011fc0000,0x00000000120c0000)]
  0x000000000aa04000 JavaThread "Swing-Shell" daemon [_thread_blocked, id=6052, stack(0x0000000010780000,0x0000000010880000)]
  0x000000000aa03800 JavaThread "D3D Screen Updater" daemon [_thread_blocked, id=2780, stack(0x000000000ce80000,0x000000000cf80000)]
  0x000000000aa03000 JavaThread "Timer-9" daemon [_thread_blocked, id=6944, stack(0x000000000cc80000,0x000000000cd80000)]
  0x000000000aa02000 JavaThread "Timer-8" daemon [_thread_blocked, id=6032, stack(0x000000000cb80000,0x000000000cc80000)]
  0x000000000aa01800 JavaThread "SwingWorker-pool-1-thread-10" daemon [_thread_blocked, id=3736, stack(0x000000000ca80000,0x000000000cb80000)]
  0x000000000aa00800 JavaThread "SwingWorker-pool-1-thread-9" daemon [_thread_blocked, id=6956, stack(0x000000000c980000,0x000000000ca80000)]
  0x000000000aa00000 JavaThread "Timer-7" daemon [_thread_blocked, id=6860, stack(0x000000000c880000,0x000000000c980000)]
  0x000000000a9ff000 JavaThread "Timer-6" daemon [_thread_blocked, id=1004, stack(0x000000000c780000,0x000000000c880000)]
  0x000000000a9fe800 JavaThread "SwingWorker-pool-1-thread-8" daemon [_thread_blocked, id=6072, stack(0x000000000c680000,0x000000000c780000)]
  0x0000000006f14800 JavaThread "SwingWorker-pool-1-thread-7" daemon [_thread_blocked, id=4792, stack(0x000000000c580000,0x000000000c680000)]
  0x0000000006f13800 JavaThread "Timer-5" daemon [_thread_blocked, id=5796, stack(0x000000000c480000,0x000000000c580000)]
  0x0000000006f13000 JavaThread "Timer-4" daemon [_thread_blocked, id=5296, stack(0x000000000c380000,0x000000000c480000)]
  0x0000000006f12800 JavaThread "SwingWorker-pool-1-thread-6" daemon [_thread_blocked, id=6932, stack(0x000000000c280000,0x000000000c380000)]
  0x0000000006f11800 JavaThread "SwingWorker-pool-1-thread-5" daemon [_thread_blocked, id=4552, stack(0x000000000c180000,0x000000000c280000)]
  0x0000000006f11000 JavaThread "Timer-3" daemon [_thread_blocked, id=7068, stack(0x000000000c080000,0x000000000c180000)]
  0x0000000006f10000 JavaThread "Timer-1" daemon [_thread_blocked, id=5932, stack(0x000000000bf80000,0x000000000c080000)]
  0x0000000006f0f800 JavaThread "Timer-2" daemon [_thread_blocked, id=6868, stack(0x000000000be80000,0x000000000bf80000)]
  0x0000000006f0e800 JavaThread "Timer-0" daemon [_thread_blocked, id=6568, stack(0x000000000bd80000,0x000000000be80000)]
  0x0000000006f0e000 JavaThread "SwingWorker-pool-1-thread-4" daemon [_thread_blocked, id=1128, stack(0x000000000bc80000,0x000000000bd80000)]
  0x0000000006f0d000 JavaThread "SwingWorker-pool-1-thread-3" daemon [_thread_blocked, id=6080, stack(0x000000000bb80000,0x000000000bc80000)]
  0x0000000006f0c800 JavaThread "TimerQueue" daemon [_thread_blocked, id=3724, stack(0x000000000ba80000,0x000000000bb80000)]
  0x0000000006f0c000 JavaThread "SwingWorker-pool-1-thread-2" daemon [_thread_blocked, id=6840, stack(0x000000000b980000,0x000000000ba80000)]
  0x0000000006f0b000 JavaThread "SwingWorker-pool-1-thread-1" daemon [_thread_blocked, id=2584, stack(0x000000000b880000,0x000000000b980000)]
  0x0000000006f0a800 JavaThread "DestroyJavaVM" [_thread_blocked, id=6516, stack(0x0000000002410000,0x0000000002510000)]
=>0x0000000006f09800 JavaThread "AWT-EventQueue-0" [_thread_in_native, id=6988, stack(0x0000000008160000,0x0000000008260000)]
  0x0000000006f09000 JavaThread "AWT-Windows" daemon [_thread_in_native, id=5580, stack(0x0000000007c50000,0x0000000007d50000)]
  0x0000000006f08000 JavaThread "AWT-Shutdown" [_thread_blocked, id=1124, stack(0x0000000007b50000,0x0000000007c50000)]
  0x0000000006f07800 JavaThread "Java2D Disposer" daemon [_thread_blocked, id=1220, stack(0x0000000007a50000,0x0000000007b50000)]
  0x0000000006f06800 JavaThread "Low Memory Detector" daemon [_thread_blocked, id=3376, stack(0x00000000075b0000,0x00000000076b0000)]
  0x0000000006f21000 JavaThread "C2 CompilerThread1" daemon [_thread_blocked, id=4760, stack(0x00000000074b0000,0x00000000075b0000)]
  0x0000000006f1c000 JavaThread "C2 CompilerThread0" daemon [_thread_blocked, id=4544, stack(0x00000000073b0000,0x00000000074b0000)]
  0x0000000006f06000 JavaThread "Attach Listener" daemon [_thread_blocked, id=3400, stack(0x00000000072b0000,0x00000000073b0000)]
  0x0000000006f05800 JavaThread "Signal Dispatcher" daemon [_thread_blocked, id=4580, stack(0x00000000071b0000,0x00000000072b0000)]
  0x0000000006eb5800 JavaThread "Finalizer" daemon [_thread_blocked, id=4944, stack(0x00000000070b0000,0x00000000071b0000)]
  0x000000000052a800 JavaThread "Reference Handler" daemon [_thread_blocked, id=1552, stack(0x0000000006db0000,0x0000000006eb0000)]

Other Threads:
  0x0000000000523000 VMThread [stack: 0x0000000006cb0000,0x0000000006db0000] [id=7112]
  0x0000000006f3c800 WatcherThread [stack: 0x00000000076b0000,0x00000000077b0000] [id=5704]

VM state:not at safepoint (normal execution)

VM Mutex/Monitor currently owned by a thread: None

Heap
 PSYoungGen      total 76416K, used 45401K [0x00000007aac00000, 0x00000007b0140000, 0x0000000800000000)
  eden space 65536K, 65% used [0x00000007aac00000,0x00000007ad5be7c0,0x00000007aec00000)
  from space 10880K, 24% used [0x00000007aec00000,0x00000007aee98020,0x00000007af6a0000)
  to   space 10880K, 0% used [0x00000007af6a0000,0x00000007af6a0000,0x00000007b0140000)
 PSOldGen        total 174592K, used 0K [0x0000000700400000, 0x000000070ae80000, 0x00000007aac00000)
  object space 174592K, 0% used [0x0000000700400000,0x0000000700400000,0x000000070ae80000)
 PSPermGen       total 21248K, used 16387K [0x00000006fb200000, 0x00000006fc6c0000, 0x0000000700400000)
  object space 21248K, 77% used [0x00000006fb200000,0x00000006fc200eb8,0x00000006fc6c0000)

Code Cache  [0x0000000002510000, 0x0000000002780000, 0x0000000005510000)
 total_blobs=754 nmethods=308 adapters=399 free_code_cache=49014208 largest_free_block=8192

Dynamic libraries:
0x0000000000400000 - 0x000000000042f000 	C:\Program Files\Java\jdk1.6.0_30\bin\java.exe
0x00000000779a0000 - 0x0000000077b49000 	C:\Windows\SYSTEM32\ntdll.dll
0x00000000775d0000 - 0x00000000776ef000 	C:\Windows\system32\kernel32.dll
0x000007fefe160000 - 0x000007fefe1cc000 	C:\Windows\system32\KERNELBASE.dll
0x000007fefe510000 - 0x000007fefe5eb000 	C:\Windows\system32\ADVAPI32.dll
0x000007fefe1d0000 - 0x000007fefe26f000 	C:\Windows\system32\msvcrt.dll
0x000007feff4a0000 - 0x000007feff4bf000 	C:\Windows\SYSTEM32\sechost.dll
0x000007fefe340000 - 0x000007fefe46d000 	C:\Windows\system32\RPCRT4.dll
0x000000006d8b0000 - 0x000000006e068000 	C:\Program Files\Java\jdk1.6.0_30\jre\bin\server\jvm.dll
0x00000000774d0000 - 0x00000000775ca000 	C:\Windows\system32\USER32.dll
0x000007feffc40000 - 0x000007feffca7000 	C:\Windows\system32\GDI32.dll
0x000007fefe5f0000 - 0x000007fefe5fe000 	C:\Windows\system32\LPK.dll
0x000007fefe270000 - 0x000007fefe339000 	C:\Windows\system32\USP10.dll
0x000007fefb030000 - 0x000007fefb06b000 	C:\Windows\system32\WINMM.dll
0x000007feffb90000 - 0x000007feffbbe000 	C:\Windows\system32\IMM32.DLL
0x000007feff5a0000 - 0x000007feff6a9000 	C:\Windows\system32\MSCTF.dll
0x000000006d820000 - 0x000000006d82e000 	C:\Program Files\Java\jdk1.6.0_30\jre\bin\verify.dll
0x000000006d450000 - 0x000000006d477000 	C:\Program Files\Java\jdk1.6.0_30\jre\bin\java.dll
0x000000006d870000 - 0x000000006d882000 	C:\Program Files\Java\jdk1.6.0_30\jre\bin\zip.dll
0x000000006d0a0000 - 0x000000006d264000 	C:\Program Files\Java\jdk1.6.0_30\jre\bin\awt.dll
0x000007fef6fe0000 - 0x000007fef7051000 	C:\Windows\system32\WINSPOOL.DRV
0x000007feff6b0000 - 0x000007feff8b3000 	C:\Windows\system32\ole32.dll
0x000007fefe600000 - 0x000007feff388000 	C:\Windows\system32\SHELL32.dll
0x000007feffaa0000 - 0x000007feffb11000 	C:\Windows\system32\SHLWAPI.dll
0x000007fefca00000 - 0x000007fefcbf4000 	C:\Windows\WinSxS\amd64_microsoft.windows.common-controls_6595b64144ccf1df_6.0.7601.17514_none_fa396087175ac9ac\COMCTL32.dll
0x000007fefc2a0000 - 0x000007fefc2b8000 	C:\Windows\system32\DWMAPI.DLL
0x000007fefc620000 - 0x000007fefc676000 	C:\Windows\system32\uxtheme.dll
0x000007fefdd30000 - 0x000007fefdd3f000 	C:\Windows\system32\CRYPTBASE.dll
0x000000006d340000 - 0x000000006d3a6000 	C:\Program Files\Java\jdk1.6.0_30\jre\bin\fontmanager.dll
0x000007feed520000 - 0x000007feed71f000 	C:\Windows\system32\d3d9.dll
0x000007fefcf10000 - 0x000007fefcf1c000 	C:\Windows\system32\VERSION.dll
0x000007fefbbf0000 - 0x000007fefbbf7000 	C:\Windows\system32\d3d8thk.dll
0x0000000072520000 - 0x00000000725d4000 	C:\Windows\system32\aticfx64.dll
0x000007fefbce0000 - 0x000007fefbced000 	C:\Windows\system32\atiu9p64.dll
0x0000000072e60000 - 0x0000000073378000 	C:\Windows\system32\atiumd64.dll
0x0000000073570000 - 0x000000007389c000 	C:\Windows\system32\atiumd6a.dll
0x000000006d6b0000 - 0x000000006d6c7000 	C:\Program Files\Java\jdk1.6.0_30\jre\bin\net.dll
0x000007feffb40000 - 0x000007feffb8d000 	C:\Windows\system32\WS2_32.dll
0x000007feff390000 - 0x000007feff398000 	C:\Windows\system32\NSI.dll
0x000007fefd630000 - 0x000007fefd685000 	C:\Windows\system32\mswsock.dll
0x000007fefd620000 - 0x000007fefd627000 	C:\Windows\System32\wship6.dll
0x000000006d6d0000 - 0x000000006d6db000 	C:\Program Files\Java\jdk1.6.0_30\jre\bin\nio.dll
0x000000006d2b0000 - 0x000000006d2d8000 	C:\Program Files\Java\jdk1.6.0_30\jre\bin\dcpr.dll
0x000007feff4c0000 - 0x000007feff597000 	C:\Windows\system32\OLEAUT32.DLL
0x000007feff8c0000 - 0x000007feffa97000 	C:\Windows\system32\SETUPAPI.dll
0x000007fefe020000 - 0x000007fefe056000 	C:\Windows\system32\CFGMGR32.dll
0x000007fefe060000 - 0x000007fefe07a000 	C:\Windows\system32\DEVOBJ.dll
0x000007feff400000 - 0x000007feff499000 	C:\Windows\system32\CLBCatQ.DLL
0x000007fefc680000 - 0x000007fefc7ac000 	C:\Windows\system32\propsys.dll
0x000007fefc9a0000 - 0x000007fefc9cd000 	C:\Windows\system32\ntmarta.dll
0x000007feff3a0000 - 0x000007feff3f2000 	C:\Windows\system32\WLDAP32.dll
0x000007fefdcd0000 - 0x000007fefdd27000 	C:\Windows\system32\apphelp.dll
0x000007fef4e00000 - 0x000007fef4f9c000 	C:\Windows\system32\NetworkExplorer.dll
0x000007fef6d30000 - 0x000007fef6d64000 	C:\Windows\System32\shdocvw.dll
0x000007fefde00000 - 0x000007fefde0f000 	C:\Windows\system32\profapi.dll
0x000007fefbdb0000 - 0x000007fefbdbb000 	C:\Windows\system32\slc.dll
0x000007fef5180000 - 0x000007fef5198000 	C:\Windows\system32\MPR.dll
0x000007fef6b70000 - 0x000007fef6b7a000 	C:\Windows\System32\drprov.dll
0x000007fefd930000 - 0x000007fefd96d000 	C:\Windows\System32\WINSTA.dll
0x000007fef5150000 - 0x000007fef5172000 	C:\Windows\System32\ntlanman.dll
0x000007fef5130000 - 0x000007fef514c000 	C:\Windows\System32\davclnt.dll
0x000007fef5120000 - 0x000007fef512a000 	C:\Windows\System32\DAVHLPR.dll
0x000007fefaa40000 - 0x000007fefaa55000 	C:\Windows\system32\wkscli.dll
0x000007fef8860000 - 0x000007fef886f000 	C:\Windows\system32\cscapi.dll
0x000007fefaa60000 - 0x000007fefaa6c000 	C:\Windows\system32\netutils.dll
0x000007fef4200000 - 0x000007fef4471000 	C:\Windows\system32\wpdshext.dll
0x000007fefc400000 - 0x000007fefc615000 	C:\Windows\WinSxS\amd64_microsoft.windows.gdiplus_6595b64144ccf1df_1.1.7601.17514_none_2b24536c71ed437a\gdiplus.dll
0x000007fef7fc0000 - 0x000007fef807d000 	C:\Windows\system32\PortableDeviceApi.dll
0x000007fefe080000 - 0x000007fefe0ba000 	C:\Windows\system32\WINTRUST.dll
0x000007fefdeb0000 - 0x000007fefe017000 	C:\Windows\system32\CRYPT32.dll
0x000007fefdea0000 - 0x000007fefdeaf000 	C:\Windows\system32\MSASN1.dll
0x000007fef7e50000 - 0x000007fef7e89000 	C:\Windows\system32\PortableDeviceTypes.dll
0x000007fef7200000 - 0x000007fef7235000 	C:\Windows\system32\EhStorShell.dll
0x000007fefbc30000 - 0x000007fefbc57000 	C:\Windows\system32\EhStorAPI.dll
0x000007fef6c90000 - 0x000007fef6c9c000 	C:\Windows\system32\LINKINFO.dll
0x000007fefd690000 - 0x000007fefd6a7000 	C:\Windows\system32\CRYPTSP.dll
0x000007fefd390000 - 0x000007fefd3d7000 	C:\Windows\system32\rsaenh.dll
0x000007fefdde0000 - 0x000007fefddf4000 	C:\Windows\system32\RpcRtRemote.dll
0x0000000077b60000 - 0x0000000077b67000 	C:\Windows\system32\PSAPI.DLL

VM Arguments:
jvm_args: -Dfile.encoding=UTF-8 
java_command: mavn.view.ControlFrame
Launcher Type: SUN_STANDARD

Environment Variables:
JAVA_HOME=C:\Program Files (x86)\Java\jdk1.6.0_25
PATH=C:\leJOSNXJ\bin;C:\Program Files\Common Files\Microsoft Shared\Windows Live;C:\Program Files (x86)\Common Files\Microsoft Shared\Windows Live;C:\Windows\system32;C:\Windows;C:\Windows\System32\Wbem;C:\Windows\System32\WindowsPowerShell\v1.0\;C:\Program Files (x86)\Common Files\Roxio Shared\DLLShared\;C:\Program Files (x86)\Common Files\Roxio Shared\OEM\DLLShared\;C:\Program Files (x86)\Common Files\Roxio Shared\OEM\DLLShared\;C:\Program Files (x86)\Common Files\Roxio Shared\OEM\12.0\DLLShared\;C:\Program Files (x86)\Roxio\OEM\AudioCore\;C:\Program Files (x86)\Windows Live\Shared;C:\cygwin\bin;C:\opencv\build\common\tbb\intel64\vc10\;C:\opencv\build\x64\vc10\bin\;C:\VXIPNP\WinNT\Bin;C:\Program Files (x86)\Java\jdk1.6.0_25\bin;C:\Program Files\TortoiseHg\
USERNAME=Kaleb
OS=Windows_NT
PROCESSOR_IDENTIFIER=Intel64 Family 6 Model 42 Stepping 7, GenuineIntel



---------------  S Y S T E M  ---------------

OS: Windows 7 , 64 bit Build 7601 Service Pack 1

CPU:total 4 (4 cores per cpu, 1 threads per core) family 6 model 42 stepping 7, cmov, cx8, fxsr, mmx, sse, sse2, sse3, ssse3, sse4.1, sse4.2, popcnt

Memory: 4k page, physical 16759252k(13481264k free), swap 33516656k(29256756k free)

vm_info: Java HotSpot(TM) 64-Bit Server VM (20.5-b03) for windows-amd64 JRE (1.6.0_30-b12), built on Nov 10 2011 01:49:46 by "java_re" with MS VC++ 8.0 (VS2005)

time: Sun Feb 05 13:46:23 2012
elapsed time: 6 seconds

