#
# A fatal error has been detected by the Java Runtime Environment:
#
#  EXCEPTION_ACCESS_VIOLATION (0xc0000005) at pc=0x000007fefec00c7b, pid=7508, tid=2088
#
# JRE version: 6.0_30-b12
# Java VM: Java HotSpot(TM) 64-Bit Server VM (20.5-b03 mixed mode windows-amd64 compressed oops)
# Problematic frame:
# C  [ole32.dll+0x10c7b]
#
# If you would like to submit a bug report, please visit:
#   http://java.sun.com/webapps/bugreport/crash.jsp
# The crash happened outside the Java Virtual Machine in native code.
# See problematic frame for where to report the bug.
#

---------------  T H R E A D  ---------------

Current thread (0x0000000007a0f000):  JavaThread "AWT-EventQueue-0" [_thread_in_native, id=2088, stack(0x00000000084c0000,0x00000000085c0000)]

siginfo: ExceptionCode=0xc0000005, writing address 0x0000000000000030

Registers:
RAX=0x0000000000000000, RBX=0x000000000025c8f0, RCX=0x0000000000000828, RDX=0x000007fefed96620
RSP=0x00000000085bd2c0, RBP=0x000000000cb056e0, RSI=0x0000000000000000, RDI=0x000000000025c8f0
R8 =0x00000000000003d4, R9 =0x000007fefed77f18, R10=0x0000000000000000, R11=0x00000000085bd1e0
R12=0x0000000000000000, R13=0x0000000012059950, R14=0x0000000000000000, R15=0x0000000000000000
RIP=0x000007fefec00c7b, EFLAGS=0x0000000000010246

Top of Stack: (sp=0x00000000085bd2c0)
0x00000000085bd2c0:   000000000025c8f0 0000000000000000
0x00000000085bd2d0:   0000000000000000 00000000085bd2f0
0x00000000085bd2e0:   0000000000000000 0000000002425b22
0x00000000085bd2f0:   00001d5400006800 d67645ba6791e898
0x00000000085bd300:   00003c535485ff4d 00000007ad0e9ca8
0x00000000085bd310:   0000000000000000 0000000008d59f78
0x00000000085bd320:   0000000000000000 000000000cb056e0
0x00000000085bd330:   00000000077d7268 000007fefec01225
0x00000000085bd340:   0000000000000000 000000000cb056e0
0x00000000085bd350:   00000000085bd588 00000000085bd3d0
0x00000000085bd360:   0000000008948760 000007fefed63135
0x00000000085bd370:   000000000cb056e0 00000000085bd5a8
0x00000000085bd380:   00000006fb620748 0000000000000000
0x00000000085bd390:   0000000008948760 000007fefed1de9d
0x00000000085bd3a0:   000000000cb056e0 0000000008948760
0x00000000085bd3b0:   00000000002d0e46 0000000000009825 

Instructions: (pc=0x000007fefec00c7b)
0x000007fefec00c5b:   60 1c 00 41 b8 d4 03 00 00 e8 47 82 01 00 85 f6
0x000007fefec00c6b:   78 2b f3 0f 6f 44 24 30 48 8b 45 18 4c 89 6d 20
0x000007fefec00c7b:   f3 0f 7f 40 30 f6 45 0c 01 75 12 48 8b cd e8 be
0x000007fefec00c8b:   fa ff ff 8b f0 85 c0 78 04 83 4d 0c 01 48 8b cd 


Register to memory mapping:

RAX=0x0000000000000000 is an unknown value
RBX=0x000000000025c8f0 is an unknown value
RCX=0x0000000000000828 is an unknown value
RDX=0x000007fefed96620 is an unknown value
RSP=0x00000000085bd2c0 is pointing into the stack for thread: 0x0000000007a0f000
RBP=0x000000000cb056e0 is an unknown value
RSI=0x0000000000000000 is an unknown value
RDI=0x000000000025c8f0 is an unknown value
R8 =0x00000000000003d4 is an unknown value
R9 =0x000007fefed77f18 is an unknown value
R10=0x0000000000000000 is an unknown value
R11=0x00000000085bd1e0 is pointing into the stack for thread: 0x0000000007a0f000
R12=0x0000000000000000 is an unknown value
R13=0x0000000012059950 is an unknown value
R14=0x0000000000000000 is an unknown value
R15=0x0000000000000000 is an unknown value


Stack: [0x00000000084c0000,0x00000000085c0000],  sp=0x00000000085bd2c0,  free space=1012k
Native frames: (J=compiled Java code, j=interpreted, Vv=VM code, C=native code)
C  [ole32.dll+0x10c7b]  CLSIDFromString+0x5fb

Java frames: (J=compiled Java code, j=interpreted, Vv=VM code)
j  sun.awt.windows.WComponentPeer.removeNativeDropTarget()V+0
j  sun.awt.windows.WComponentPeer.removeDropTarget(Ljava/awt/dnd/DropTarget;)V+18
j  java.awt.dnd.DropTarget.removeNotify(Ljava/awt/peer/ComponentPeer;)V+15
j  java.awt.Component.removeNotify()V+211
j  java.awt.Container.removeNotify()V+71
j  javax.swing.JComponent.removeNotify()V+1
j  java.awt.Container.removeNotify()V+42
j  javax.swing.JComponent.removeNotify()V+1
j  java.awt.Container.removeNotify()V+42
j  javax.swing.JComponent.removeNotify()V+1
j  java.awt.Container.removeNotify()V+42
j  javax.swing.JComponent.removeNotify()V+1
j  javax.swing.JRootPane.removeNotify()V+1
j  java.awt.Container.removeAll()V+84
j  javax.swing.JFileChooser.showDialog(Ljava/awt/Component;Ljava/lang/String;)I+69
j  javax.swing.JFileChooser.showOpenDialog(Ljava/awt/Component;)I+8
j  file.open.controller.directory.OpenDirectoryControllerAbstract.getDirectoryChooser()V+11
j  mavn.simulation.mediator.SimulationMediator.onLoadSimulationInputModel()V+13
j  mavn.simulation.view.actions.SimulationBarAction.actionPerformed(Ljava/awt/event/ActionEvent;)V+16
j  javax.swing.AbstractButton.fireActionPerformed(Ljava/awt/event/ActionEvent;)V+84
j  javax.swing.AbstractButton$Handler.actionPerformed(Ljava/awt/event/ActionEvent;)V+5
j  javax.swing.DefaultButtonModel.fireActionPerformed(Ljava/awt/event/ActionEvent;)V+35
j  javax.swing.DefaultButtonModel.setPressed(Z)V+117
j  javax.swing.plaf.basic.BasicButtonListener.mouseReleased(Ljava/awt/event/MouseEvent;)V+35
j  java.awt.Component.processMouseEvent(Ljava/awt/event/MouseEvent;)V+64
j  javax.swing.JComponent.processMouseEvent(Ljava/awt/event/MouseEvent;)V+23
j  java.awt.Component.processEvent(Ljava/awt/AWTEvent;)V+81
j  java.awt.Container.processEvent(Ljava/awt/AWTEvent;)V+18
j  java.awt.Component.dispatchEventImpl(Ljava/awt/AWTEvent;)V+570
j  java.awt.Container.dispatchEventImpl(Ljava/awt/AWTEvent;)V+42
j  java.awt.Component.dispatchEvent(Ljava/awt/AWTEvent;)V+2
j  java.awt.LightweightDispatcher.retargetMouseEvent(Ljava/awt/Component;ILjava/awt/event/MouseEvent;)V+320
j  java.awt.LightweightDispatcher.processMouseEvent(Ljava/awt/event/MouseEvent;)Z+139
j  java.awt.LightweightDispatcher.dispatchEvent(Ljava/awt/AWTEvent;)Z+50
j  java.awt.Container.dispatchEventImpl(Ljava/awt/AWTEvent;)V+12
j  java.awt.Window.dispatchEventImpl(Ljava/awt/AWTEvent;)V+65
J  java.awt.EventQueue.access$000(Ljava/awt/EventQueue;Ljava/awt/AWTEvent;Ljava/lang/Object;)V
J  java.awt.EventQueue$1.run()Ljava/lang/Object;
v  ~StubRoutines::call_stub
J  java.security.AccessController.doPrivileged(Ljava/security/PrivilegedAction;Ljava/security/AccessControlContext;)Ljava/lang/Object;
j  java.security.AccessControlContext$1.doIntersectionPrivilege(Ljava/security/PrivilegedAction;Ljava/security/AccessControlContext;Ljava/security/AccessControlContext;)Ljava/lang/Object;+28
j  java.security.AccessControlContext$1.doIntersectionPrivilege(Ljava/security/PrivilegedAction;Ljava/security/AccessControlContext;)Ljava/lang/Object;+6
j  java.awt.EventQueue$2.run()Ljava/lang/Void;+11
j  java.awt.EventQueue$2.run()Ljava/lang/Object;+1
v  ~StubRoutines::call_stub
J  java.security.AccessController.doPrivileged(Ljava/security/PrivilegedAction;Ljava/security/AccessControlContext;)Ljava/lang/Object;
J  java.awt.EventDispatchThread.pumpOneEventForFilters(I)Z
J  java.awt.EventDispatchThread.pumpEventsForFilter(ILjava/awt/Conditional;Ljava/awt/EventFilter;)V
j  java.awt.EventDispatchThread.pumpEventsForHierarchy(ILjava/awt/Conditional;Ljava/awt/Component;)V+11
j  java.awt.EventDispatchThread.pumpEvents(ILjava/awt/Conditional;)V+4
j  java.awt.EventDispatchThread.pumpEvents(Ljava/awt/Conditional;)V+3
j  java.awt.EventDispatchThread.run()V+9
v  ~StubRoutines::call_stub

---------------  P R O C E S S  ---------------

Java Threads: ( => current thread )
  0x0000000007aac800 JavaThread "Timer-9" daemon [_thread_blocked, id=6536, stack(0x0000000011f20000,0x0000000012020000)]
  0x0000000007aac000 JavaThread "SwingWorker-pool-2-thread-10" daemon [_thread_blocked, id=6004, stack(0x0000000011e20000,0x0000000011f20000)]
  0x0000000007aab000 JavaThread "Timer-8" daemon [_thread_blocked, id=4064, stack(0x0000000011d20000,0x0000000011e20000)]
  0x0000000007aaa800 JavaThread "SwingWorker-pool-2-thread-9" daemon [_thread_blocked, id=3500, stack(0x0000000010dc0000,0x0000000010ec0000)]
  0x0000000007aaa000 JavaThread "Timer-7" daemon [_thread_blocked, id=5008, stack(0x0000000010cc0000,0x0000000010dc0000)]
  0x0000000007aa9000 JavaThread "SwingWorker-pool-2-thread-8" daemon [_thread_blocked, id=8264, stack(0x0000000010bc0000,0x0000000010cc0000)]
  0x0000000007aa8800 JavaThread "Timer-6" daemon [_thread_blocked, id=5108, stack(0x0000000010ac0000,0x0000000010bc0000)]
  0x0000000007aa7800 JavaThread "SwingWorker-pool-2-thread-7" daemon [_thread_blocked, id=8840, stack(0x000000000cbe0000,0x000000000cce0000)]
  0x0000000007aa6000 JavaThread "Timer-5" daemon [_thread_blocked, id=6692, stack(0x000000000c9e0000,0x000000000cae0000)]
  0x0000000007aa7000 JavaThread "SwingWorker-pool-2-thread-6" daemon [_thread_blocked, id=8176, stack(0x00000000082e0000,0x00000000083e0000)]
  0x0000000007aa5800 JavaThread "D3D Screen Updater" daemon [_thread_blocked, id=4528, stack(0x000000000e6b0000,0x000000000e7b0000)]
  0x0000000007aa4800 JavaThread "Timer-4" daemon [_thread_blocked, id=6592, stack(0x000000000e5b0000,0x000000000e6b0000)]
  0x0000000007aa4000 JavaThread "Timer-0" daemon [_thread_blocked, id=7744, stack(0x000000000e4b0000,0x000000000e5b0000)]
  0x0000000007aa3800 JavaThread "Timer-3" daemon [_thread_blocked, id=5832, stack(0x000000000e3b0000,0x000000000e4b0000)]
  0x0000000007aa2800 JavaThread "Timer-2" daemon [_thread_blocked, id=5584, stack(0x000000000e2b0000,0x000000000e3b0000)]
  0x0000000007aa2000 JavaThread "Timer-1" daemon [_thread_blocked, id=4228, stack(0x000000000e1b0000,0x000000000e2b0000)]
  0x0000000007aa1000 JavaThread "SwingWorker-pool-2-thread-5" daemon [_thread_blocked, id=8196, stack(0x000000000e0b0000,0x000000000e1b0000)]
  0x0000000007aa0800 JavaThread "SwingWorker-pool-2-thread-4" daemon [_thread_blocked, id=3724, stack(0x000000000dfb0000,0x000000000e0b0000)]
  0x000000000b996000 JavaThread "SwingWorker-pool-2-thread-3" daemon [_thread_blocked, id=7440, stack(0x000000000deb0000,0x000000000dfb0000)]
  0x0000000008aae800 JavaThread "SwingWorker-pool-2-thread-2" daemon [_thread_blocked, id=7124, stack(0x000000000ddb0000,0x000000000deb0000)]
  0x000000000c5ab000 JavaThread "SwingWorker-pool-2-thread-1" daemon [_thread_blocked, id=6720, stack(0x000000000dcb0000,0x000000000ddb0000)]
  0x000000000894a000 JavaThread "Swing-Shell" daemon [_thread_blocked, id=9172, stack(0x000000000c8e0000,0x000000000c9e0000)]
  0x0000000007a7f800 JavaThread "TimerQueue" daemon [_thread_blocked, id=2620, stack(0x000000000b510000,0x000000000b610000)]
  0x00000000005fc800 JavaThread "DestroyJavaVM" [_thread_blocked, id=5336, stack(0x0000000002320000,0x0000000002420000)]
=>0x0000000007a0f000 JavaThread "AWT-EventQueue-0" [_thread_in_native, id=2088, stack(0x00000000084c0000,0x00000000085c0000)]
  0x00000000077d5800 JavaThread "AWT-Windows" daemon [_thread_in_native, id=4116, stack(0x0000000007fb0000,0x00000000080b0000)]
  0x00000000077d4800 JavaThread "AWT-Shutdown" [_thread_blocked, id=6724, stack(0x0000000007eb0000,0x0000000007fb0000)]
  0x000000000788d800 JavaThread "Java2D Disposer" daemon [_thread_blocked, id=2880, stack(0x0000000007db0000,0x0000000007eb0000)]
  0x0000000006f39800 JavaThread "Low Memory Detector" daemon [_thread_blocked, id=4832, stack(0x00000000074c0000,0x00000000075c0000)]
  0x0000000006f1f800 JavaThread "C2 CompilerThread1" daemon [_thread_in_native, id=1720, stack(0x00000000073c0000,0x00000000074c0000)]
  0x0000000006f1a800 JavaThread "C2 CompilerThread0" daemon [_thread_blocked, id=6468, stack(0x00000000072c0000,0x00000000073c0000)]
  0x0000000006f17000 JavaThread "Attach Listener" daemon [_thread_blocked, id=7624, stack(0x00000000071c0000,0x00000000072c0000)]
  0x0000000006f12000 JavaThread "Signal Dispatcher" daemon [_thread_blocked, id=4916, stack(0x00000000070c0000,0x00000000071c0000)]
  0x00000000003dd800 JavaThread "Finalizer" daemon [_thread_blocked, id=7516, stack(0x0000000006dc0000,0x0000000006ec0000)]
  0x00000000003d6800 JavaThread "Reference Handler" daemon [_thread_blocked, id=820, stack(0x0000000006cc0000,0x0000000006dc0000)]

Other Threads:
  0x00000000003ce800 VMThread [stack: 0x0000000006bc0000,0x0000000006cc0000] [id=4548]
  0x0000000006f4f000 WatcherThread [stack: 0x00000000075c0000,0x00000000076c0000] [id=8908]

VM state:not at safepoint (normal execution)

VM Mutex/Monitor currently owned by a thread: None

Heap
 PSYoungGen      total 60096K, used 38717K [0x00000007aac00000, 0x00000007aeec0000, 0x0000000800000000)
  eden space 54272K, 71% used [0x00000007aac00000,0x00000007ad1a7650,0x00000007ae100000)
  from space 5824K, 2% used [0x00000007ae910000,0x00000007ae938000,0x00000007aeec0000)
  to   space 7040K, 0% used [0x00000007ae100000,0x00000007ae100000,0x00000007ae7e0000)
 PSOldGen        total 174592K, used 4796K [0x0000000700400000, 0x000000070ae80000, 0x00000007aac00000)
  object space 174592K, 2% used [0x0000000700400000,0x00000007008af1d8,0x000000070ae80000)
 PSPermGen       total 21248K, used 20733K [0x00000006fb200000, 0x00000006fc6c0000, 0x0000000700400000)
  object space 21248K, 97% used [0x00000006fb200000,0x00000006fc63f7c8,0x00000006fc6c0000)

Code Cache  [0x0000000002420000, 0x0000000002780000, 0x0000000005420000)
 total_blobs=1516 nmethods=1028 adapters=439 free_code_cache=47009984 largest_free_block=43328

Dynamic libraries:
0x0000000000400000 - 0x000000000042f000 	C:\Program Files\Java\jdk1.6.0_30\bin\java.exe
0x00000000773d0000 - 0x0000000077579000 	C:\Windows\SYSTEM32\ntdll.dll
0x0000000076e50000 - 0x0000000076f6f000 	C:\Windows\system32\kernel32.dll
0x000007fefdb30000 - 0x000007fefdb9c000 	C:\Windows\system32\KERNELBASE.dll
0x000007feff3e0000 - 0x000007feff4bb000 	C:\Windows\system32\ADVAPI32.dll
0x000007feff640000 - 0x000007feff6df000 	C:\Windows\system32\msvcrt.dll
0x000007feff010000 - 0x000007feff02f000 	C:\Windows\SYSTEM32\sechost.dll
0x000007fefeee0000 - 0x000007feff00d000 	C:\Windows\system32\RPCRT4.dll
0x000000006d8b0000 - 0x000000006e068000 	C:\Program Files\Java\jdk1.6.0_30\jre\bin\server\jvm.dll
0x00000000772d0000 - 0x00000000773ca000 	C:\Windows\system32\USER32.dll
0x000007feff4c0000 - 0x000007feff527000 	C:\Windows\system32\GDI32.dll
0x000007fefdc00000 - 0x000007fefdc0e000 	C:\Windows\system32\LPK.dll
0x000007feff030000 - 0x000007feff0f9000 	C:\Windows\system32\USP10.dll
0x000007fefaff0000 - 0x000007fefb02b000 	C:\Windows\system32\WINMM.dll
0x000007feff3b0000 - 0x000007feff3de000 	C:\Windows\system32\IMM32.DLL
0x000007feff530000 - 0x000007feff639000 	C:\Windows\system32\MSCTF.dll
0x000000006d820000 - 0x000000006d82e000 	C:\Program Files\Java\jdk1.6.0_30\jre\bin\verify.dll
0x000000006d450000 - 0x000000006d477000 	C:\Program Files\Java\jdk1.6.0_30\jre\bin\java.dll
0x000000006d870000 - 0x000000006d882000 	C:\Program Files\Java\jdk1.6.0_30\jre\bin\zip.dll
0x000000006d0a0000 - 0x000000006d264000 	C:\Program Files\Java\jdk1.6.0_30\jre\bin\awt.dll
0x000007fefb3b0000 - 0x000007fefb421000 	C:\Windows\system32\WINSPOOL.DRV
0x000007fefebf0000 - 0x000007fefedf3000 	C:\Windows\system32\ole32.dll
0x000007fefdc90000 - 0x000007fefea18000 	C:\Windows\system32\SHELL32.dll
0x000007fefdc10000 - 0x000007fefdc81000 	C:\Windows\system32\SHLWAPI.dll
0x000007fefc090000 - 0x000007fefc284000 	C:\Windows\WinSxS\amd64_microsoft.windows.common-controls_6595b64144ccf1df_6.0.7601.17514_none_fa396087175ac9ac\COMCTL32.dll
0x000007fefb7a0000 - 0x000007fefb7b8000 	C:\Windows\system32\DWMAPI.DLL
0x000007fefbbd0000 - 0x000007fefbc26000 	C:\Windows\system32\uxtheme.dll
0x000007fefd760000 - 0x000007fefd76f000 	C:\Windows\system32\CRYPTBASE.dll
0x000000006d340000 - 0x000000006d3a6000 	C:\Program Files\Java\jdk1.6.0_30\jre\bin\fontmanager.dll
0x000007feee890000 - 0x000007feeea8f000 	C:\Windows\system32\d3d9.dll
0x000007fefc660000 - 0x000007fefc66c000 	C:\Windows\system32\VERSION.dll
0x000007fefac90000 - 0x000007fefac97000 	C:\Windows\system32\d3d8thk.dll
0x0000000071a90000 - 0x0000000071b44000 	C:\Windows\system32\aticfx64.dll
0x000007fef12b0000 - 0x000007fef12bd000 	C:\Windows\system32\atiu9p64.dll
0x000000006eae0000 - 0x000000006eff8000 	C:\Windows\system32\atiumd64.dll
0x000000006f1f0000 - 0x000000006f51c000 	C:\Windows\system32\atiumd6a.dll
0x000000006d6b0000 - 0x000000006d6c7000 	C:\Program Files\Java\jdk1.6.0_30\jre\bin\net.dll
0x000007fefeba0000 - 0x000007fefebed000 	C:\Windows\system32\WS2_32.dll
0x000007feff380000 - 0x000007feff388000 	C:\Windows\system32\NSI.dll
0x000007fefd060000 - 0x000007fefd0b5000 	C:\Windows\system32\mswsock.dll
0x000007fefd050000 - 0x000007fefd057000 	C:\Windows\System32\wship6.dll
0x000000006d6d0000 - 0x000000006d6db000 	C:\Program Files\Java\jdk1.6.0_30\jre\bin\nio.dll
0x000007fefee00000 - 0x000007fefeed7000 	C:\Windows\system32\OLEAUT32.dll
0x000007feff1a0000 - 0x000007feff377000 	C:\Windows\system32\SETUPAPI.dll
0x000007fefd8e0000 - 0x000007fefd916000 	C:\Windows\system32\CFGMGR32.dll
0x000007fefdbe0000 - 0x000007fefdbfa000 	C:\Windows\system32\DEVOBJ.dll
0x000007feff100000 - 0x000007feff199000 	C:\Windows\system32\CLBCatQ.DLL
0x000007fefbd10000 - 0x000007fefbe3c000 	C:\Windows\system32\propsys.dll
0x000007fefc310000 - 0x000007fefc33d000 	C:\Windows\system32\ntmarta.dll
0x000007fefeb40000 - 0x000007fefeb92000 	C:\Windows\system32\WLDAP32.dll
0x000007fefd700000 - 0x000007fefd757000 	C:\Windows\system32\apphelp.dll
0x000007fef5200000 - 0x000007fef539c000 	C:\Windows\system32\NetworkExplorer.dll
0x000007fefb5d0000 - 0x000007fefb604000 	C:\Windows\System32\shdocvw.dll
0x000007fefd830000 - 0x000007fefd83f000 	C:\Windows\system32\profapi.dll
0x000007fefb0d0000 - 0x000007fefb0db000 	C:\Windows\system32\slc.dll
0x000007fefb550000 - 0x000007fefb568000 	C:\Windows\system32\MPR.dll
0x000007fef12a0000 - 0x000007fef12aa000 	C:\Windows\System32\drprov.dll
0x000007fefd5c0000 - 0x000007fefd5fd000 	C:\Windows\System32\WINSTA.dll
0x000007fef1270000 - 0x000007fef1292000 	C:\Windows\System32\ntlanman.dll
0x000007fef1250000 - 0x000007fef126c000 	C:\Windows\System32\davclnt.dll
0x000007fef1240000 - 0x000007fef124a000 	C:\Windows\System32\DAVHLPR.dll
0x000007fefb770000 - 0x000007fefb785000 	C:\Windows\system32\wkscli.dll
0x000007fef64e0000 - 0x000007fef64ef000 	C:\Windows\system32\cscapi.dll
0x000007fefb760000 - 0x000007fefb76c000 	C:\Windows\system32\netutils.dll
0x000007feee010000 - 0x000007feee281000 	C:\Windows\system32\wpdshext.dll
0x000007fefb9b0000 - 0x000007fefbbc6000 	C:\Windows\WinSxS\amd64_microsoft.windows.gdiplus_6595b64144ccf1df_1.1.7601.17825_none_2b253c8271ec7765\gdiplus.dll
0x000007fef7160000 - 0x000007fef721d000 	C:\Windows\system32\PortableDeviceApi.dll
0x000007fefdba0000 - 0x000007fefdbda000 	C:\Windows\system32\WINTRUST.dll
0x000007fefd920000 - 0x000007fefda87000 	C:\Windows\system32\CRYPT32.dll
0x000007fefd8d0000 - 0x000007fefd8df000 	C:\Windows\system32\MSASN1.dll
0x000007fef5fc0000 - 0x000007fef5ff9000 	C:\Windows\system32\PortableDeviceTypes.dll
0x000007fef62d0000 - 0x000007fef6305000 	C:\Windows\system32\EhStorShell.dll
0x000007fefa260000 - 0x000007fefa287000 	C:\Windows\system32\EhStorAPI.dll
0x000007fefc040000 - 0x000007fefc04c000 	C:\Windows\system32\LINKINFO.dll
0x000000006d2b0000 - 0x000000006d2d8000 	C:\Program Files\Java\jdk1.6.0_30\jre\bin\dcpr.dll
0x000007fefd0c0000 - 0x000007fefd0d7000 	C:\Windows\system32\CRYPTSP.dll
0x000007fefcdc0000 - 0x000007fefce07000 	C:\Windows\system32\rsaenh.dll
0x000007fefd810000 - 0x000007fefd824000 	C:\Windows\system32\RpcRtRemote.dll
0x0000000077590000 - 0x0000000077597000 	C:\Windows\system32\PSAPI.DLL

VM Arguments:
jvm_args: -Dfile.encoding=UTF-8 
java_command: mavn.main.Main
Launcher Type: SUN_STANDARD

Environment Variables:
JAVA_HOME=C:\Program Files (x86)\Java\jdk1.6.0_25
PATH=C:\leJOSNXJ\bin;C:\Program Files\Common Files\Microsoft Shared\Windows Live;C:\Program Files (x86)\Common Files\Microsoft Shared\Windows Live;C:\Windows\system32;C:\Windows;C:\Windows\System32\Wbem;C:\Windows\System32\WindowsPowerShell\v1.0\;C:\Program Files (x86)\Common Files\Roxio Shared\DLLShared\;C:\Program Files (x86)\Common Files\Roxio Shared\OEM\DLLShared\;C:\Program Files (x86)\Common Files\Roxio Shared\OEM\DLLShared\;C:\Program Files (x86)\Common Files\Roxio Shared\OEM\12.0\DLLShared\;C:\Program Files (x86)\Roxio\OEM\AudioCore\;C:\Program Files (x86)\Windows Live\Shared;C:\cygwin\bin;C:\opencv\build\common\tbb\intel64\vc10\;C:\opencv\build\x64\vc10\bin\;C:\VXIPNP\WinNT\Bin;C:\Program Files (x86)\Java\jdk1.6.0_25\bin;C:\Program Files\TortoiseHg\
USERNAME=Kaleb
OS=Windows_NT
PROCESSOR_IDENTIFIER=Intel64 Family 6 Model 42 Stepping 7, GenuineIntel



---------------  S Y S T E M  ---------------

OS: Windows 7 , 64 bit Build 7601 Service Pack 1

CPU:total 4 (4 cores per cpu, 1 threads per core) family 6 model 42 stepping 7, cmov, cx8, fxsr, mmx, sse, sse2, sse3, ssse3, sse4.1, sse4.2, popcnt

Memory: 4k page, physical 16759252k(13616208k free), swap 33516652k(29165584k free)

vm_info: Java HotSpot(TM) 64-Bit Server VM (20.5-b03) for windows-amd64 JRE (1.6.0_30-b12), built on Nov 10 2011 01:49:46 by "java_re" with MS VC++ 8.0 (VS2005)

time: Tue May 29 14:55:06 2012
elapsed time: 388 seconds

